2023-12-02 00:04:17.603 [main] INFO  testCases.TC_001_AccountRegistration - Providing customer Pswd
2023-12-02 00:04:17.708 [main] INFO  testCases.TC_001_AccountRegistration - Scrolling Down
2023-12-02 00:04:20.728 [main] INFO  testCases.TC_001_AccountRegistration - Accepting Privacy policy
2023-12-02 00:04:20.812 [main] INFO  testCases.TC_001_AccountRegistration - Clicking on continue
2023-12-02 00:04:20.962 [main] INFO  testCases.TC_001_AccountRegistration - Validation started
2023-12-02 00:04:31.259 [main] ERROR testCases.TC_001_AccountRegistration - Registration Testcase and Validation Failed
2023-12-02 00:04:32.824 [main] INFO  testCases.TC_002_Login - Starting TC_002_Login
2023-12-02 00:04:33.921 [main] INFO  testCases.TC_002_Login - Homepage displayed
2023-12-02 00:04:45.293 [main] INFO  testCases.TC_002_Login - Loggin is Failed
2023-12-02 01:38:41.169 [main] DEBUG testCases.TC_001_AccountRegistration - debug logs.....
2023-12-02 01:38:41.173 [main] INFO  testCases.TC_001_AccountRegistration - Starting TC_001_AccountRegistration
2023-12-02 01:38:41.173 [main] INFO  testCases.TC_001_AccountRegistration - Launching the application
2023-12-02 01:38:42.170 [main] INFO  testCases.TC_001_AccountRegistration - Clicking on MyInfo -->Registration link
2023-12-02 01:38:43.112 [main] INFO  testCases.TC_001_AccountRegistration - Providing customer Name
2023-12-02 01:38:43.279 [main] INFO  testCases.TC_001_AccountRegistration - Providing customer Lastname
2023-12-02 01:38:43.393 [main] INFO  testCases.TC_001_AccountRegistration - Providing customer email Id
2023-12-02 01:38:43.477 [main] INFO  testCases.TC_001_AccountRegistration - Providing customer Pswd
2023-12-02 01:38:43.555 [main] INFO  testCases.TC_001_AccountRegistration - Scrolling Down
2023-12-02 01:38:46.575 [main] INFO  testCases.TC_001_AccountRegistration - Accepting Privacy policy
2023-12-02 01:38:46.693 [main] INFO  testCases.TC_001_AccountRegistration - Clicking on continue
2023-12-02 01:38:46.819 [main] INFO  testCases.TC_001_AccountRegistration - Validation started
2023-12-02 01:38:47.732 [main] INFO  testCases.TC_001_AccountRegistration - Registration Testcase and Validation passed
2023-12-02 01:38:49.163 [main] INFO  testCases.TC_002_Login - Starting TC_002_Login
2023-12-02 01:38:50.100 [main] INFO  testCases.TC_002_Login - Homepage displayed
2023-12-02 01:38:52.092 [main] INFO  testCases.TC_002_Login - Loggin is Success
2023-12-02 01:38:53.644 [main] DEBUG org.apache.poi.openxml4j.opc.PackageRelationshipCollection - Parsing relationship: /xl/_rels/workbook.xml.rels
2023-12-02 01:38:53.646 [main] DEBUG org.apache.poi.openxml4j.opc.PackageRelationshipCollection - Parsing relationship: /xl/worksheets/_rels/sheet1.xml.rels
2023-12-02 01:38:53.648 [main] DEBUG org.apache.poi.openxml4j.opc.PackageRelationshipCollection - Parsing relationship: /_rels/.rels
2023-12-02 01:38:54.207 [main] DEBUG org.apache.poi.openxml4j.opc.PackageRelationshipCollection - Parsing relationship: /xl/_rels/workbook.xml.rels
2023-12-02 01:38:54.208 [main] DEBUG org.apache.poi.openxml4j.opc.PackageRelationshipCollection - Parsing relationship: /xl/worksheets/_rels/sheet1.xml.rels
2023-12-02 01:38:54.209 [main] DEBUG org.apache.poi.openxml4j.opc.PackageRelationshipCollection - Parsing relationship: /_rels/.rels
2023-12-02 01:38:54.237 [main] DEBUG org.apache.poi.openxml4j.opc.PackageRelationshipCollection - Parsing relationship: /xl/_rels/workbook.xml.rels
2023-12-02 01:38:54.238 [main] DEBUG org.apache.poi.openxml4j.opc.PackageRelationshipCollection - Parsing relationship: /xl/worksheets/_rels/sheet1.xml.rels
2023-12-02 01:38:54.240 [main] DEBUG org.apache.poi.openxml4j.opc.PackageRelationshipCollection - Parsing relationship: /_rels/.rels
2023-12-02 01:42:12.868 [main] DEBUG testCases.TC_001_AccountRegistration - debug logs.....
2023-12-02 01:42:12.874 [main] INFO  testCases.TC_001_AccountRegistration - Starting TC_001_AccountRegistration
2023-12-02 01:42:12.874 [main] INFO  testCases.TC_001_AccountRegistration - Launching the application
2023-12-02 01:42:14.101 [main] INFO  testCases.TC_001_AccountRegistration - Clicking on MyInfo -->Registration link
2023-12-02 01:42:15.049 [main] INFO  testCases.TC_001_AccountRegistration - Providing customer Name
2023-12-02 01:42:15.192 [main] INFO  testCases.TC_001_AccountRegistration - Providing customer Lastname
2023-12-02 01:42:15.342 [main] INFO  testCases.TC_001_AccountRegistration - Providing customer email Id
2023-12-02 01:42:15.428 [main] INFO  testCases.TC_001_AccountRegistration - Providing customer Pswd
2023-12-02 01:42:15.495 [main] INFO  testCases.TC_001_AccountRegistration - Scrolling Down
2023-12-02 01:42:18.522 [main] INFO  testCases.TC_001_AccountRegistration - Accepting Privacy policy
2023-12-02 01:42:18.646 [main] INFO  testCases.TC_001_AccountRegistration - Clicking on continue
2023-12-02 01:42:18.781 [main] INFO  testCases.TC_001_AccountRegistration - Validation started
2023-12-02 01:42:19.708 [main] INFO  testCases.TC_001_AccountRegistration - Registration Testcase and Validation passed
2023-12-02 01:42:21.175 [main] INFO  testCases.TC_002_Login - Starting TC_002_Login
2023-12-02 01:42:22.170 [main] INFO  testCases.TC_002_Login - Homepage displayed
2023-12-02 01:42:23.931 [main] INFO  testCases.TC_002_Login - Loggin is Success
2023-12-02 01:42:25.489 [main] DEBUG org.apache.poi.openxml4j.opc.PackageRelationshipCollection - Parsing relationship: /xl/_rels/workbook.xml.rels
2023-12-02 01:42:25.492 [main] DEBUG org.apache.poi.openxml4j.opc.PackageRelationshipCollection - Parsing relationship: /xl/worksheets/_rels/sheet1.xml.rels
2023-12-02 01:42:25.493 [main] DEBUG org.apache.poi.openxml4j.opc.PackageRelationshipCollection - Parsing relationship: /_rels/.rels
2023-12-02 01:42:26.046 [main] DEBUG org.apache.poi.openxml4j.opc.PackageRelationshipCollection - Parsing relationship: /xl/_rels/workbook.xml.rels
2023-12-02 01:42:26.046 [main] DEBUG org.apache.poi.openxml4j.opc.PackageRelationshipCollection - Parsing relationship: /xl/worksheets/_rels/sheet1.xml.rels
2023-12-02 01:42:26.047 [main] DEBUG org.apache.poi.openxml4j.opc.PackageRelationshipCollection - Parsing relationship: /_rels/.rels
2023-12-02 01:42:26.074 [main] DEBUG org.apache.poi.openxml4j.opc.PackageRelationshipCollection - Parsing relationship: /xl/_rels/workbook.xml.rels
2023-12-02 01:42:26.075 [main] DEBUG org.apache.poi.openxml4j.opc.PackageRelationshipCollection - Parsing relationship: /xl/worksheets/_rels/sheet1.xml.rels
2023-12-02 01:42:26.078 [main] DEBUG org.apache.poi.openxml4j.opc.PackageRelationshipCollection - Parsing relationship: /_rels/.rels
2023-12-02 01:46:45.796 [main] DEBUG org.apache.poi.openxml4j.opc.PackageRelationshipCollection - Parsing relationship: /xl/_rels/workbook.xml.rels
2023-12-02 01:46:45.801 [main] DEBUG org.apache.poi.openxml4j.opc.PackageRelationshipCollection - Parsing relationship: /xl/worksheets/_rels/sheet1.xml.rels
2023-12-02 01:46:45.804 [main] DEBUG org.apache.poi.openxml4j.opc.PackageRelationshipCollection - Parsing relationship: /_rels/.rels
2023-12-02 01:46:46.477 [main] DEBUG org.apache.poi.openxml4j.opc.PackageRelationshipCollection - Parsing relationship: /xl/_rels/workbook.xml.rels
2023-12-02 01:46:46.479 [main] DEBUG org.apache.poi.openxml4j.opc.PackageRelationshipCollection - Parsing relationship: /xl/worksheets/_rels/sheet1.xml.rels
2023-12-02 01:46:46.481 [main] DEBUG org.apache.poi.openxml4j.opc.PackageRelationshipCollection - Parsing relationship: /_rels/.rels
2023-12-02 01:46:46.511 [main] DEBUG org.apache.poi.openxml4j.opc.PackageRelationshipCollection - Parsing relationship: /xl/_rels/workbook.xml.rels
2023-12-02 01:46:46.513 [main] DEBUG org.apache.poi.openxml4j.opc.PackageRelationshipCollection - Parsing relationship: /xl/worksheets/_rels/sheet1.xml.rels
2023-12-02 01:46:46.516 [main] DEBUG org.apache.poi.openxml4j.opc.PackageRelationshipCollection - Parsing relationship: /_rels/.rels
2023-12-02 10:13:11.352 [main] DEBUG org.apache.poi.openxml4j.opc.PackageRelationshipCollection - Parsing relationship: /xl/_rels/workbook.xml.rels
2023-12-02 10:13:11.364 [main] DEBUG org.apache.poi.openxml4j.opc.PackageRelationshipCollection - Parsing relationship: /xl/worksheets/_rels/sheet1.xml.rels
2023-12-02 10:13:11.368 [main] DEBUG org.apache.poi.openxml4j.opc.PackageRelationshipCollection - Parsing relationship: /_rels/.rels
2023-12-02 10:13:12.668 [main] DEBUG org.apache.poi.openxml4j.opc.PackageRelationshipCollection - Parsing relationship: /xl/_rels/workbook.xml.rels
2023-12-02 10:13:12.671 [main] DEBUG org.apache.poi.openxml4j.opc.PackageRelationshipCollection - Parsing relationship: /xl/worksheets/_rels/sheet1.xml.rels
2023-12-02 10:13:12.675 [main] DEBUG org.apache.poi.openxml4j.opc.PackageRelationshipCollection - Parsing relationship: /_rels/.rels
2023-12-02 10:13:12.747 [main] DEBUG org.apache.poi.openxml4j.opc.PackageRelationshipCollection - Parsing relationship: /xl/_rels/workbook.xml.rels
2023-12-02 10:13:12.749 [main] DEBUG org.apache.poi.openxml4j.opc.PackageRelationshipCollection - Parsing relationship: /xl/worksheets/_rels/sheet1.xml.rels
2023-12-02 10:13:12.751 [main] DEBUG org.apache.poi.openxml4j.opc.PackageRelationshipCollection - Parsing relationship: /_rels/.rels
2023-12-02 10:14:22.364 [main] DEBUG org.apache.poi.openxml4j.opc.PackageRelationshipCollection - Parsing relationship: /xl/_rels/workbook.xml.rels
2023-12-02 10:14:22.370 [main] DEBUG org.apache.poi.openxml4j.opc.PackageRelationshipCollection - Parsing relationship: /xl/worksheets/_rels/sheet1.xml.rels
2023-12-02 10:14:22.372 [main] DEBUG org.apache.poi.openxml4j.opc.PackageRelationshipCollection - Parsing relationship: /_rels/.rels
2023-12-02 10:14:22.943 [main] DEBUG org.apache.poi.openxml4j.opc.PackageRelationshipCollection - Parsing relationship: /xl/_rels/workbook.xml.rels
2023-12-02 10:14:22.946 [main] DEBUG org.apache.poi.openxml4j.opc.PackageRelationshipCollection - Parsing relationship: /xl/worksheets/_rels/sheet1.xml.rels
2023-12-02 10:14:22.947 [main] DEBUG org.apache.poi.openxml4j.opc.PackageRelationshipCollection - Parsing relationship: /_rels/.rels
2023-12-02 10:14:22.982 [main] DEBUG org.apache.poi.openxml4j.opc.PackageRelationshipCollection - Parsing relationship: /xl/_rels/workbook.xml.rels
2023-12-02 10:14:22.984 [main] DEBUG org.apache.poi.openxml4j.opc.PackageRelationshipCollection - Parsing relationship: /xl/worksheets/_rels/sheet1.xml.rels
2023-12-02 10:14:22.987 [main] DEBUG org.apache.poi.openxml4j.opc.PackageRelationshipCollection - Parsing relationship: /_rels/.rels
2023-12-02 10:27:46.788 [main] DEBUG org.apache.poi.openxml4j.opc.PackageRelationshipCollection - Parsing relationship: /xl/_rels/workbook.xml.rels
2023-12-02 10:27:46.801 [main] DEBUG org.apache.poi.openxml4j.opc.PackageRelationshipCollection - Parsing relationship: /xl/worksheets/_rels/sheet1.xml.rels
2023-12-02 10:27:46.804 [main] DEBUG org.apache.poi.openxml4j.opc.PackageRelationshipCollection - Parsing relationship: /_rels/.rels
2023-12-02 10:27:47.971 [main] DEBUG org.apache.poi.openxml4j.opc.PackageRelationshipCollection - Parsing relationship: /xl/_rels/workbook.xml.rels
2023-12-02 10:27:47.974 [main] DEBUG org.apache.poi.openxml4j.opc.PackageRelationshipCollection - Parsing relationship: /xl/worksheets/_rels/sheet1.xml.rels
2023-12-02 10:27:47.976 [main] DEBUG org.apache.poi.openxml4j.opc.PackageRelationshipCollection - Parsing relationship: /_rels/.rels
2023-12-02 10:27:48.044 [main] DEBUG org.apache.poi.openxml4j.opc.PackageRelationshipCollection - Parsing relationship: /xl/_rels/workbook.xml.rels
2023-12-02 10:27:48.046 [main] DEBUG org.apache.poi.openxml4j.opc.PackageRelationshipCollection - Parsing relationship: /xl/worksheets/_rels/sheet1.xml.rels
2023-12-02 10:27:48.047 [main] DEBUG org.apache.poi.openxml4j.opc.PackageRelationshipCollection - Parsing relationship: /_rels/.rels
2023-12-02 10:46:09.846 [main] DEBUG org.apache.poi.openxml4j.opc.PackageRelationshipCollection - Parsing relationship: /xl/_rels/workbook.xml.rels
2023-12-02 10:46:09.857 [main] DEBUG org.apache.poi.openxml4j.opc.PackageRelationshipCollection - Parsing relationship: /xl/worksheets/_rels/sheet1.xml.rels
2023-12-02 10:46:09.861 [main] DEBUG org.apache.poi.openxml4j.opc.PackageRelationshipCollection - Parsing relationship: /_rels/.rels
2023-12-02 10:46:11.074 [main] DEBUG org.apache.poi.openxml4j.opc.PackageRelationshipCollection - Parsing relationship: /xl/_rels/workbook.xml.rels
2023-12-02 10:46:11.077 [main] DEBUG org.apache.poi.openxml4j.opc.PackageRelationshipCollection - Parsing relationship: /xl/worksheets/_rels/sheet1.xml.rels
2023-12-02 10:46:11.078 [main] DEBUG org.apache.poi.openxml4j.opc.PackageRelationshipCollection - Parsing relationship: /_rels/.rels
2023-12-02 10:46:11.143 [main] DEBUG org.apache.poi.openxml4j.opc.PackageRelationshipCollection - Parsing relationship: /xl/_rels/workbook.xml.rels
2023-12-02 10:46:11.144 [main] DEBUG org.apache.poi.openxml4j.opc.PackageRelationshipCollection - Parsing relationship: /xl/worksheets/_rels/sheet1.xml.rels
2023-12-02 10:46:11.145 [main] DEBUG org.apache.poi.openxml4j.opc.PackageRelationshipCollection - Parsing relationship: /_rels/.rels
2023-12-02 10:52:14.353 [main] INFO  testCases.TC_003_login_DataDriven_Testing - file path captured
2023-12-02 10:52:14.538 [main] DEBUG org.apache.poi.openxml4j.opc.PackageRelationshipCollection - Parsing relationship: /xl/_rels/workbook.xml.rels
2023-12-02 10:52:14.542 [main] DEBUG org.apache.poi.openxml4j.opc.PackageRelationshipCollection - Parsing relationship: /xl/worksheets/_rels/sheet1.xml.rels
2023-12-02 10:52:14.545 [main] DEBUG org.apache.poi.openxml4j.opc.PackageRelationshipCollection - Parsing relationship: /_rels/.rels
2023-12-02 10:52:15.077 [main] INFO  testCases.TC_003_login_DataDriven_Testing - sheet1 row data captured
2023-12-02 10:52:15.086 [main] DEBUG org.apache.poi.openxml4j.opc.PackageRelationshipCollection - Parsing relationship: /xl/_rels/workbook.xml.rels
2023-12-02 10:52:15.088 [main] DEBUG org.apache.poi.openxml4j.opc.PackageRelationshipCollection - Parsing relationship: /xl/worksheets/_rels/sheet1.xml.rels
2023-12-02 10:52:15.089 [main] DEBUG org.apache.poi.openxml4j.opc.PackageRelationshipCollection - Parsing relationship: /_rels/.rels
2023-12-02 10:52:15.112 [main] INFO  testCases.TC_003_login_DataDriven_Testing - sheet1 cell data captured
2023-12-02 10:52:15.112 [main] INFO  testCases.TC_003_login_DataDriven_Testing - row captured
2023-12-02 10:52:15.112 [main] INFO  testCases.TC_003_login_DataDriven_Testing - celled captured
2023-12-02 10:52:15.118 [main] DEBUG org.apache.poi.openxml4j.opc.PackageRelationshipCollection - Parsing relationship: /xl/_rels/workbook.xml.rels
2023-12-02 10:52:15.119 [main] DEBUG org.apache.poi.openxml4j.opc.PackageRelationshipCollection - Parsing relationship: /xl/worksheets/_rels/sheet1.xml.rels
2023-12-02 10:52:15.120 [main] DEBUG org.apache.poi.openxml4j.opc.PackageRelationshipCollection - Parsing relationship: /_rels/.rels
2023-12-02 10:54:30.643 [main] INFO  testCases.TC_003_login_DataDriven_Testing - file path captured
2023-12-02 10:54:30.916 [main] DEBUG org.apache.poi.openxml4j.opc.PackageRelationshipCollection - Parsing relationship: /xl/_rels/workbook.xml.rels
2023-12-02 10:54:30.923 [main] DEBUG org.apache.poi.openxml4j.opc.PackageRelationshipCollection - Parsing relationship: /xl/worksheets/_rels/sheet1.xml.rels
2023-12-02 10:54:30.926 [main] DEBUG org.apache.poi.openxml4j.opc.PackageRelationshipCollection - Parsing relationship: /_rels/.rels
2023-12-02 10:54:32.006 [main] INFO  testCases.TC_003_login_DataDriven_Testing - sheet1 row data captured
2023-12-02 10:54:32.025 [main] DEBUG org.apache.poi.openxml4j.opc.PackageRelationshipCollection - Parsing relationship: /xl/_rels/workbook.xml.rels
2023-12-02 10:54:32.028 [main] DEBUG org.apache.poi.openxml4j.opc.PackageRelationshipCollection - Parsing relationship: /xl/worksheets/_rels/sheet1.xml.rels
2023-12-02 10:54:32.030 [main] DEBUG org.apache.poi.openxml4j.opc.PackageRelationshipCollection - Parsing relationship: /_rels/.rels
2023-12-02 10:54:32.078 [main] INFO  testCases.TC_003_login_DataDriven_Testing - sheet1 cell data captured
2023-12-02 10:54:32.079 [main] INFO  testCases.TC_003_login_DataDriven_Testing - row captured
2023-12-02 10:54:32.079 [main] INFO  testCases.TC_003_login_DataDriven_Testing - celled captured
2023-12-02 10:54:32.093 [main] DEBUG org.apache.poi.openxml4j.opc.PackageRelationshipCollection - Parsing relationship: /xl/_rels/workbook.xml.rels
2023-12-02 10:54:32.095 [main] DEBUG org.apache.poi.openxml4j.opc.PackageRelationshipCollection - Parsing relationship: /xl/worksheets/_rels/sheet1.xml.rels
2023-12-02 10:54:32.096 [main] DEBUG org.apache.poi.openxml4j.opc.PackageRelationshipCollection - Parsing relationship: /_rels/.rels
2023-12-02 11:00:00.231 [main] INFO  testCases.TC_003_login_DataDriven_Testing - file path captured
2023-12-02 11:00:00.586 [main] DEBUG org.apache.poi.openxml4j.opc.PackageRelationshipCollection - Parsing relationship: /xl/_rels/workbook.xml.rels
2023-12-02 11:00:00.592 [main] DEBUG org.apache.poi.openxml4j.opc.PackageRelationshipCollection - Parsing relationship: /xl/worksheets/_rels/sheet1.xml.rels
2023-12-02 11:00:00.596 [main] DEBUG org.apache.poi.openxml4j.opc.PackageRelationshipCollection - Parsing relationship: /_rels/.rels
2023-12-02 11:00:01.723 [main] INFO  testCases.TC_003_login_DataDriven_Testing - sheet1 row data captured
2023-12-02 11:00:01.738 [main] DEBUG org.apache.poi.openxml4j.opc.PackageRelationshipCollection - Parsing relationship: /xl/_rels/workbook.xml.rels
2023-12-02 11:00:01.741 [main] DEBUG org.apache.poi.openxml4j.opc.PackageRelationshipCollection - Parsing relationship: /xl/worksheets/_rels/sheet1.xml.rels
2023-12-02 11:00:01.744 [main] DEBUG org.apache.poi.openxml4j.opc.PackageRelationshipCollection - Parsing relationship: /_rels/.rels
2023-12-02 11:00:01.802 [main] INFO  testCases.TC_003_login_DataDriven_Testing - sheet1 cell data captured
2023-12-02 11:00:01.802 [main] INFO  testCases.TC_003_login_DataDriven_Testing - row captured
2023-12-02 11:00:01.803 [main] INFO  testCases.TC_003_login_DataDriven_Testing - celled captured
2023-12-02 11:00:01.815 [main] DEBUG org.apache.poi.openxml4j.opc.PackageRelationshipCollection - Parsing relationship: /xl/_rels/workbook.xml.rels
2023-12-02 11:00:01.817 [main] DEBUG org.apache.poi.openxml4j.opc.PackageRelationshipCollection - Parsing relationship: /xl/worksheets/_rels/sheet1.xml.rels
2023-12-02 11:00:01.819 [main] DEBUG org.apache.poi.openxml4j.opc.PackageRelationshipCollection - Parsing relationship: /_rels/.rels
2023-12-02 11:00:40.938 [main] INFO  testCases.TC_003_login_DataDriven_Testing - file path captured
2023-12-02 11:00:41.224 [main] DEBUG org.apache.poi.openxml4j.opc.PackageRelationshipCollection - Parsing relationship: /xl/_rels/workbook.xml.rels
2023-12-02 11:00:41.230 [main] DEBUG org.apache.poi.openxml4j.opc.PackageRelationshipCollection - Parsing relationship: /xl/worksheets/_rels/sheet1.xml.rels
2023-12-02 11:00:41.233 [main] DEBUG org.apache.poi.openxml4j.opc.PackageRelationshipCollection - Parsing relationship: /_rels/.rels
2023-12-02 11:00:42.458 [main] INFO  testCases.TC_003_login_DataDriven_Testing - sheet1 row data captured
2023-12-02 11:00:42.479 [main] DEBUG org.apache.poi.openxml4j.opc.PackageRelationshipCollection - Parsing relationship: /xl/_rels/workbook.xml.rels
2023-12-02 11:00:42.483 [main] DEBUG org.apache.poi.openxml4j.opc.PackageRelationshipCollection - Parsing relationship: /xl/worksheets/_rels/sheet1.xml.rels
2023-12-02 11:00:42.485 [main] DEBUG org.apache.poi.openxml4j.opc.PackageRelationshipCollection - Parsing relationship: /_rels/.rels
2023-12-02 11:00:42.541 [main] INFO  testCases.TC_003_login_DataDriven_Testing - sheet1 cell data captured
2023-12-02 11:00:42.541 [main] INFO  testCases.TC_003_login_DataDriven_Testing - row captured
2023-12-02 11:00:42.542 [main] INFO  testCases.TC_003_login_DataDriven_Testing - celled captured
2023-12-02 11:00:42.559 [main] DEBUG org.apache.poi.openxml4j.opc.PackageRelationshipCollection - Parsing relationship: /xl/_rels/workbook.xml.rels
2023-12-02 11:00:42.562 [main] DEBUG org.apache.poi.openxml4j.opc.PackageRelationshipCollection - Parsing relationship: /xl/worksheets/_rels/sheet1.xml.rels
2023-12-02 11:00:42.564 [main] DEBUG org.apache.poi.openxml4j.opc.PackageRelationshipCollection - Parsing relationship: /_rels/.rels
2023-12-02 11:29:53.266 [main] INFO  testCases.TC_003_login_DataDriven_Testing - file path captured
2023-12-02 11:29:53.544 [main] DEBUG org.apache.poi.openxml4j.opc.PackageRelationshipCollection - Parsing relationship: /xl/_rels/workbook.xml.rels
2023-12-02 11:29:53.551 [main] DEBUG org.apache.poi.openxml4j.opc.PackageRelationshipCollection - Parsing relationship: /xl/worksheets/_rels/sheet1.xml.rels
2023-12-02 11:29:53.554 [main] DEBUG org.apache.poi.openxml4j.opc.PackageRelationshipCollection - Parsing relationship: /_rels/.rels
2023-12-02 12:54:10.081 [main] INFO  testCases.TC_003_login_DataDriven_Testing - file path captured
2023-12-02 12:54:10.347 [main] DEBUG org.apache.poi.openxml4j.opc.PackageRelationshipCollection - Parsing relationship: /xl/_rels/workbook.xml.rels
2023-12-02 12:54:10.353 [main] DEBUG org.apache.poi.openxml4j.opc.PackageRelationshipCollection - Parsing relationship: /xl/worksheets/_rels/sheet1.xml.rels
2023-12-02 12:54:10.356 [main] DEBUG org.apache.poi.openxml4j.opc.PackageRelationshipCollection - Parsing relationship: /_rels/.rels
2023-12-02 12:55:58.513 [main] INFO  testCases.TC_003_login_DataDriven_Testing - file path captured
2023-12-02 12:55:58.748 [main] DEBUG org.apache.poi.openxml4j.opc.PackageRelationshipCollection - Parsing relationship: /xl/_rels/workbook.xml.rels
2023-12-02 12:55:58.754 [main] DEBUG org.apache.poi.openxml4j.opc.PackageRelationshipCollection - Parsing relationship: /xl/worksheets/_rels/sheet1.xml.rels
2023-12-02 12:55:58.758 [main] DEBUG org.apache.poi.openxml4j.opc.PackageRelationshipCollection - Parsing relationship: /_rels/.rels
2023-12-02 12:58:26.241 [main] INFO  testCases.TC_003_login_DataDriven_Testing - file path captured
2023-12-02 12:58:26.505 [main] DEBUG org.apache.poi.openxml4j.opc.PackageRelationshipCollection - Parsing relationship: /xl/_rels/workbook.xml.rels
2023-12-02 12:58:26.513 [main] DEBUG org.apache.poi.openxml4j.opc.PackageRelationshipCollection - Parsing relationship: /xl/worksheets/_rels/sheet1.xml.rels
2023-12-02 12:58:26.516 [main] DEBUG org.apache.poi.openxml4j.opc.PackageRelationshipCollection - Parsing relationship: /_rels/.rels
2023-12-02 13:04:49.660 [main] INFO  testCases.TC_003_login_DataDriven_Testing - file path captured
2023-12-02 13:04:49.913 [main] DEBUG org.apache.poi.openxml4j.opc.PackageRelationshipCollection - Parsing relationship: /xl/_rels/workbook.xml.rels
2023-12-02 13:04:49.919 [main] DEBUG org.apache.poi.openxml4j.opc.PackageRelationshipCollection - Parsing relationship: /xl/worksheets/_rels/sheet1.xml.rels
2023-12-02 13:04:49.922 [main] DEBUG org.apache.poi.openxml4j.opc.PackageRelationshipCollection - Parsing relationship: /_rels/.rels
2023-12-02 13:05:44.878 [main] INFO  testCases.TC_003_login_DataDriven_Testing - file path captured
2023-12-02 13:05:44.885 [main] INFO  testCases.TC_003_login_DataDriven_Testing - file path file
2023-12-02 13:05:45.126 [main] DEBUG org.apache.poi.openxml4j.opc.PackageRelationshipCollection - Parsing relationship: /xl/_rels/workbook.xml.rels
2023-12-02 13:05:45.131 [main] DEBUG org.apache.poi.openxml4j.opc.PackageRelationshipCollection - Parsing relationship: /xl/worksheets/_rels/sheet1.xml.rels
2023-12-02 13:05:45.136 [main] DEBUG org.apache.poi.openxml4j.opc.PackageRelationshipCollection - Parsing relationship: /_rels/.rels
2023-12-02 13:45:02.634 [main] INFO  testCases.TC_003_login_DataDriven_Testing - file path file
2023-12-02 13:45:02.835 [main] DEBUG org.apache.poi.openxml4j.opc.PackageRelationshipCollection - Parsing relationship: /xl/_rels/workbook.xml.rels
2023-12-02 13:45:02.839 [main] DEBUG org.apache.poi.openxml4j.opc.PackageRelationshipCollection - Parsing relationship: /xl/worksheets/_rels/sheet1.xml.rels
2023-12-02 13:45:02.840 [main] DEBUG org.apache.poi.openxml4j.opc.PackageRelationshipCollection - Parsing relationship: /_rels/.rels
2023-12-02 13:57:19.508 [main] INFO  testCases.TC_003_login_DataDriven_Testing - file path file
2023-12-02 13:57:19.637 [main] DEBUG org.apache.poi.openxml4j.opc.PackageRelationshipCollection - Parsing relationship: /xl/_rels/workbook.xml.rels
2023-12-02 13:57:19.641 [main] DEBUG org.apache.poi.openxml4j.opc.PackageRelationshipCollection - Parsing relationship: /xl/worksheets/_rels/sheet1.xml.rels
2023-12-02 13:57:19.642 [main] DEBUG org.apache.poi.openxml4j.opc.PackageRelationshipCollection - Parsing relationship: /_rels/.rels
2023-12-02 13:57:57.656 [main] INFO  testCases.TC_003_login_DataDriven_Testing - file path file
2023-12-02 13:57:57.787 [main] DEBUG org.apache.poi.openxml4j.opc.PackageRelationshipCollection - Parsing relationship: /xl/_rels/workbook.xml.rels
2023-12-02 13:57:57.791 [main] DEBUG org.apache.poi.openxml4j.opc.PackageRelationshipCollection - Parsing relationship: /xl/worksheets/_rels/sheet1.xml.rels
2023-12-02 13:57:57.792 [main] DEBUG org.apache.poi.openxml4j.opc.PackageRelationshipCollection - Parsing relationship: /_rels/.rels
2023-12-02 14:34:21.012 [main] INFO  testCases.TC_003_login_DataDriven_Testing - file path file
2023-12-02 14:34:21.237 [main] DEBUG org.apache.poi.openxml4j.opc.PackageRelationshipCollection - Parsing relationship: /xl/_rels/workbook.xml.rels
2023-12-02 14:34:21.241 [main] DEBUG org.apache.poi.openxml4j.opc.PackageRelationshipCollection - Parsing relationship: /xl/worksheets/_rels/sheet1.xml.rels
2023-12-02 14:34:21.242 [main] DEBUG org.apache.poi.openxml4j.opc.PackageRelationshipCollection - Parsing relationship: /_rels/.rels
2023-12-02 15:05:27.070 [main] INFO  testCases.TC_003_login_DataDriven_Testing - file path file
2023-12-02 15:05:27.216 [main] DEBUG org.apache.poi.openxml4j.opc.PackageRelationshipCollection - Parsing relationship: /xl/_rels/workbook.xml.rels
2023-12-02 15:05:27.218 [main] DEBUG org.apache.poi.openxml4j.opc.PackageRelationshipCollection - Parsing relationship: /xl/worksheets/_rels/sheet1.xml.rels
2023-12-02 15:05:27.219 [main] DEBUG org.apache.poi.openxml4j.opc.PackageRelationshipCollection - Parsing relationship: /_rels/.rels
2023-12-02 22:16:02.133 [main] INFO  testCases.TC_003_login_DataDriven_Testing - file path file
2023-12-02 22:16:02.502 [main] DEBUG org.apache.poi.openxml4j.opc.PackageRelationshipCollection - Parsing relationship: /xl/_rels/workbook.xml.rels
2023-12-02 22:16:02.510 [main] DEBUG org.apache.poi.openxml4j.opc.PackageRelationshipCollection - Parsing relationship: /xl/worksheets/_rels/sheet1.xml.rels
2023-12-02 22:16:02.515 [main] DEBUG org.apache.poi.openxml4j.opc.PackageRelationshipCollection - Parsing relationship: /_rels/.rels
2023-12-02 22:18:45.782 [main] INFO  testCases.TC_003_login_DataDriven_Testing - file path file
2023-12-02 22:18:46.142 [main] DEBUG org.apache.poi.openxml4j.opc.PackageRelationshipCollection - Parsing relationship: /xl/_rels/workbook.xml.rels
2023-12-02 22:18:46.148 [main] DEBUG org.apache.poi.openxml4j.opc.PackageRelationshipCollection - Parsing relationship: /xl/worksheets/_rels/sheet1.xml.rels
2023-12-02 22:18:46.151 [main] DEBUG org.apache.poi.openxml4j.opc.PackageRelationshipCollection - Parsing relationship: /_rels/.rels
2023-12-02 22:20:37.223 [main] INFO  testCases.TC_003_login_DataDriven_Testing - file path file
2023-12-02 22:20:37.603 [main] DEBUG org.apache.poi.openxml4j.opc.PackageRelationshipCollection - Parsing relationship: /xl/_rels/workbook.xml.rels
2023-12-02 22:20:37.610 [main] DEBUG org.apache.poi.openxml4j.opc.PackageRelationshipCollection - Parsing relationship: /xl/worksheets/_rels/sheet1.xml.rels
2023-12-02 22:20:37.614 [main] DEBUG org.apache.poi.openxml4j.opc.PackageRelationshipCollection - Parsing relationship: /_rels/.rels
2023-12-02 22:21:00.988 [main] INFO  testCases.TC_003_login_DataDriven_Testing - file path file
2023-12-02 22:21:01.268 [main] DEBUG org.apache.poi.openxml4j.opc.PackageRelationshipCollection - Parsing relationship: /xl/_rels/workbook.xml.rels
2023-12-02 22:21:01.283 [main] DEBUG org.apache.poi.openxml4j.opc.PackageRelationshipCollection - Parsing relationship: /xl/worksheets/_rels/sheet1.xml.rels
2023-12-02 22:21:01.290 [main] DEBUG org.apache.poi.openxml4j.opc.PackageRelationshipCollection - Parsing relationship: /_rels/.rels
2023-12-02 22:27:17.155 [main] INFO  testCases.TC_003_login_DataDriven_Testing - file path file
2023-12-02 22:27:17.368 [main] DEBUG org.apache.poi.openxml4j.opc.PackageRelationshipCollection - Parsing relationship: /xl/_rels/workbook.xml.rels
2023-12-02 22:27:17.377 [main] DEBUG org.apache.poi.openxml4j.opc.PackageRelationshipCollection - Parsing relationship: /xl/worksheets/_rels/sheet1.xml.rels
2023-12-02 22:27:17.381 [main] DEBUG org.apache.poi.openxml4j.opc.PackageRelationshipCollection - Parsing relationship: /_rels/.rels
2023-12-03 11:29:57.032 [main] INFO  testCases.TC_002_Login - Starting TC_002_Login
2023-12-03 11:29:57.887 [main] INFO  testCases.TC_002_Login - Homepage displayed
2023-12-03 11:29:59.331 [main] INFO  testCases.TC_002_Login - Loggin is Success
2023-12-03 11:33:31.234 [main] DEBUG testCases.TC_001_AccountRegistration - debug logs.....
2023-12-03 11:33:31.238 [main] INFO  testCases.TC_001_AccountRegistration - Starting TC_001_AccountRegistration
2023-12-03 11:33:31.238 [main] INFO  testCases.TC_001_AccountRegistration - Launching the application
2023-12-03 11:33:32.102 [main] INFO  testCases.TC_001_AccountRegistration - Clicking on MyInfo -->Registration link
2023-12-03 11:33:32.680 [main] INFO  testCases.TC_001_AccountRegistration - Providing customer Name
2023-12-03 11:33:32.779 [main] INFO  testCases.TC_001_AccountRegistration - Providing customer Lastname
2023-12-03 11:33:32.851 [main] INFO  testCases.TC_001_AccountRegistration - Providing customer email Id
2023-12-03 11:33:32.934 [main] INFO  testCases.TC_001_AccountRegistration - Providing customer Pswd
2023-12-03 11:33:33.001 [main] INFO  testCases.TC_001_AccountRegistration - Scrolling Down
2023-12-03 11:33:36.022 [main] INFO  testCases.TC_001_AccountRegistration - Accepting Privacy policy
2023-12-03 11:33:36.075 [main] INFO  testCases.TC_001_AccountRegistration - Clicking on continue
2023-12-03 11:33:36.156 [main] INFO  testCases.TC_001_AccountRegistration - Validation started
2023-12-03 11:33:36.974 [main] ERROR testCases.TC_001_AccountRegistration - Registration Testcase and Validation Failed
2023-12-03 11:33:38.122 [main] INFO  testCases.TC_002_Login - Starting TC_002_Login
2023-12-03 11:33:38.763 [main] INFO  testCases.TC_002_Login - Homepage displayed
2023-12-03 11:33:40.075 [main] INFO  testCases.TC_002_Login - Loggin is Success
2023-12-03 11:34:49.322 [main] DEBUG testCases.TC_001_AccountRegistration - debug logs.....
2023-12-03 11:34:49.324 [main] INFO  testCases.TC_001_AccountRegistration - Starting TC_001_AccountRegistration
2023-12-03 11:34:49.324 [main] INFO  testCases.TC_001_AccountRegistration - Launching the application
2023-12-03 11:34:50.050 [main] INFO  testCases.TC_001_AccountRegistration - Clicking on MyInfo -->Registration link
2023-12-03 11:34:50.591 [main] INFO  testCases.TC_001_AccountRegistration - Providing customer Name
2023-12-03 11:34:50.697 [main] INFO  testCases.TC_001_AccountRegistration - Providing customer Lastname
2023-12-03 11:34:50.769 [main] INFO  testCases.TC_001_AccountRegistration - Providing customer email Id
2023-12-03 11:34:50.852 [main] INFO  testCases.TC_001_AccountRegistration - Providing customer Pswd
2023-12-03 11:34:50.922 [main] INFO  testCases.TC_001_AccountRegistration - Scrolling Down
2023-12-03 11:34:53.949 [main] INFO  testCases.TC_001_AccountRegistration - Accepting Privacy policy
2023-12-03 11:34:54.014 [main] INFO  testCases.TC_001_AccountRegistration - Clicking on continue
2023-12-03 11:34:54.084 [main] INFO  testCases.TC_001_AccountRegistration - Validation started
2023-12-03 11:34:54.827 [main] INFO  testCases.TC_001_AccountRegistration - Registration Testcase and Validation passed
2023-12-03 11:35:34.451 [main] DEBUG testCases.TC_001_AccountRegistration - debug logs.....
2023-12-03 11:35:34.453 [main] INFO  testCases.TC_001_AccountRegistration - Starting TC_001_AccountRegistration
2023-12-03 11:35:34.453 [main] INFO  testCases.TC_001_AccountRegistration - Launching the application
2023-12-03 11:35:35.088 [main] INFO  testCases.TC_001_AccountRegistration - Clicking on MyInfo -->Registration link
2023-12-03 11:35:35.681 [main] INFO  testCases.TC_001_AccountRegistration - Providing customer Name
2023-12-03 11:35:35.783 [main] INFO  testCases.TC_001_AccountRegistration - Providing customer Lastname
2023-12-03 11:35:35.855 [main] INFO  testCases.TC_001_AccountRegistration - Providing customer email Id
2023-12-03 11:35:35.932 [main] INFO  testCases.TC_001_AccountRegistration - Providing customer Pswd
2023-12-03 11:35:36.016 [main] INFO  testCases.TC_001_AccountRegistration - Scrolling Down
2023-12-03 11:35:39.042 [main] INFO  testCases.TC_001_AccountRegistration - Accepting Privacy policy
2023-12-03 11:35:39.101 [main] INFO  testCases.TC_001_AccountRegistration - Clicking on continue
2023-12-03 11:35:39.173 [main] INFO  testCases.TC_001_AccountRegistration - Validation started
2023-12-03 11:35:39.841 [main] INFO  testCases.TC_001_AccountRegistration - Registration Testcase and Validation passed
2023-12-03 11:35:40.969 [main] INFO  testCases.TC_002_Login - Starting TC_002_Login
2023-12-03 11:35:41.609 [main] INFO  testCases.TC_002_Login - Homepage displayed
2023-12-03 11:35:42.907 [main] INFO  testCases.TC_002_Login - Loggin is Success
2023-12-03 12:04:57.385 [main] DEBUG testCases.TC_001_AccountRegistration - debug logs.....
2023-12-03 12:04:57.387 [main] INFO  testCases.TC_001_AccountRegistration - Starting TC_001_AccountRegistration
2023-12-03 12:04:57.388 [main] INFO  testCases.TC_001_AccountRegistration - Launching the application
2023-12-03 12:04:57.996 [main] INFO  testCases.TC_001_AccountRegistration - Clicking on MyInfo -->Registration link
2023-12-03 12:04:58.525 [main] INFO  testCases.TC_001_AccountRegistration - Providing customer Name
2023-12-03 12:04:58.661 [main] INFO  testCases.TC_001_AccountRegistration - Providing customer Lastname
2023-12-03 12:04:58.761 [main] INFO  testCases.TC_001_AccountRegistration - Providing customer email Id
2023-12-03 12:04:58.838 [main] INFO  testCases.TC_001_AccountRegistration - Providing customer Pswd
2023-12-03 12:04:58.907 [main] INFO  testCases.TC_001_AccountRegistration - Scrolling Down
2023-12-03 12:05:01.932 [main] INFO  testCases.TC_001_AccountRegistration - Accepting Privacy policy
2023-12-03 12:05:01.994 [main] INFO  testCases.TC_001_AccountRegistration - Clicking on continue
2023-12-03 12:05:02.067 [main] INFO  testCases.TC_001_AccountRegistration - Validation started
2023-12-03 12:05:02.566 [main] INFO  testCases.TC_001_AccountRegistration - Registration Testcase and Validation passed
2023-12-03 12:05:03.971 [main] INFO  testCases.TC_002_Login - Starting TC_002_Login
2023-12-03 12:05:04.487 [main] INFO  testCases.TC_002_Login - Homepage displayed
2023-12-03 12:05:15.269 [main] INFO  testCases.TC_002_Login - Loggin is Failed
2023-12-03 12:40:05.000 [main] DEBUG testCases.TC_001_AccountRegistration - debug logs.....
2023-12-03 12:40:05.002 [main] INFO  testCases.TC_001_AccountRegistration - Starting TC_001_AccountRegistration
2023-12-03 12:40:05.002 [main] INFO  testCases.TC_001_AccountRegistration - Launching the application
2023-12-03 12:40:05.753 [main] INFO  testCases.TC_001_AccountRegistration - Clicking on MyInfo -->Registration link
2023-12-03 12:40:06.333 [main] INFO  testCases.TC_001_AccountRegistration - Providing customer Name
2023-12-03 12:40:06.471 [main] INFO  testCases.TC_001_AccountRegistration - Providing customer Lastname
2023-12-03 12:40:06.553 [main] INFO  testCases.TC_001_AccountRegistration - Providing customer email Id
2023-12-03 12:40:06.625 [main] INFO  testCases.TC_001_AccountRegistration - Providing customer Pswd
2023-12-03 12:40:06.703 [main] INFO  testCases.TC_001_AccountRegistration - Scrolling Down
2023-12-03 12:40:09.723 [main] INFO  testCases.TC_001_AccountRegistration - Accepting Privacy policy
2023-12-03 12:40:09.784 [main] INFO  testCases.TC_001_AccountRegistration - Clicking on continue
2023-12-03 12:40:09.862 [main] INFO  testCases.TC_001_AccountRegistration - Validation started
2023-12-03 12:40:10.339 [main] INFO  testCases.TC_001_AccountRegistration - Registration Testcase and Validation passed
2023-12-03 12:40:11.510 [main] INFO  testCases.TC_002_Login - Starting TC_002_Login
2023-12-03 12:40:12.007 [main] INFO  testCases.TC_002_Login - Homepage displayed
2023-12-03 12:40:13.256 [main] INFO  testCases.TC_002_Login - Loggin is Success
2023-12-03 12:41:11.988 [main] INFO  testCases.TC_003_login_DataDriven_Testing - file path file
2023-12-03 12:41:12.171 [main] DEBUG org.apache.poi.openxml4j.opc.PackageRelationshipCollection - Parsing relationship: /xl/_rels/workbook.xml.rels
2023-12-03 12:41:12.173 [main] DEBUG org.apache.poi.openxml4j.opc.PackageRelationshipCollection - Parsing relationship: /xl/worksheets/_rels/sheet1.xml.rels
2023-12-03 12:41:12.175 [main] DEBUG org.apache.poi.openxml4j.opc.PackageRelationshipCollection - Parsing relationship: /_rels/.rels
2023-12-03 12:42:21.110 [main] DEBUG testCases.TC_001_AccountRegistration - debug logs.....
2023-12-03 12:42:21.112 [main] INFO  testCases.TC_001_AccountRegistration - Starting TC_001_AccountRegistration
2023-12-03 12:42:21.112 [main] INFO  testCases.TC_001_AccountRegistration - Launching the application
2023-12-03 12:42:21.707 [main] INFO  testCases.TC_001_AccountRegistration - Clicking on MyInfo -->Registration link
2023-12-03 12:42:21.928 [main] INFO  testCases.TC_001_AccountRegistration - Providing customer Name
2023-12-03 12:42:32.342 [main] FATAL testCases.TC_001_AccountRegistration - Registration test case failed
2023-12-03 12:42:33.501 [main] INFO  testCases.TC_002_Login - Starting TC_002_Login
2023-12-03 12:42:34.059 [main] INFO  testCases.TC_002_Login - Homepage displayed
2023-12-03 12:42:35.284 [main] INFO  testCases.TC_002_Login - Loggin is Success
2023-12-03 12:43:05.729 [main] DEBUG testCases.TC_001_AccountRegistration - debug logs.....
2023-12-03 12:43:05.732 [main] INFO  testCases.TC_001_AccountRegistration - Starting TC_001_AccountRegistration
2023-12-03 12:43:05.733 [main] INFO  testCases.TC_001_AccountRegistration - Launching the application
2023-12-03 12:43:06.258 [main] INFO  testCases.TC_001_AccountRegistration - Clicking on MyInfo -->Registration link
2023-12-03 12:43:06.708 [main] INFO  testCases.TC_001_AccountRegistration - Providing customer Name
2023-12-03 12:43:06.825 [main] INFO  testCases.TC_001_AccountRegistration - Providing customer Lastname
2023-12-03 12:43:06.895 [main] INFO  testCases.TC_001_AccountRegistration - Providing customer email Id
2023-12-03 12:43:06.980 [main] INFO  testCases.TC_001_AccountRegistration - Providing customer Pswd
2023-12-03 12:43:07.054 [main] INFO  testCases.TC_001_AccountRegistration - Scrolling Down
2023-12-03 12:43:10.068 [main] INFO  testCases.TC_001_AccountRegistration - Accepting Privacy policy
2023-12-03 12:43:10.118 [main] INFO  testCases.TC_001_AccountRegistration - Clicking on continue
2023-12-03 12:43:10.202 [main] INFO  testCases.TC_001_AccountRegistration - Validation started
2023-12-03 12:43:10.665 [main] INFO  testCases.TC_001_AccountRegistration - Registration Testcase and Validation passed
2023-12-03 12:43:11.871 [main] INFO  testCases.TC_002_Login - Starting TC_002_Login
2023-12-03 12:43:12.372 [main] INFO  testCases.TC_002_Login - Homepage displayed
2023-12-03 12:43:13.470 [main] INFO  testCases.TC_002_Login - Loggin is Success
2023-12-03 14:38:23.442 [main] DEBUG testCases.TC_001_AccountRegistration - debug logs.....
2023-12-03 14:38:23.444 [main] INFO  testCases.TC_001_AccountRegistration - Starting TC_001_AccountRegistration
2023-12-03 14:38:23.444 [main] INFO  testCases.TC_001_AccountRegistration - Launching the application
2023-12-03 14:38:24.480 [main] INFO  testCases.TC_001_AccountRegistration - Clicking on MyInfo -->Registration link
2023-12-03 14:38:25.139 [main] INFO  testCases.TC_001_AccountRegistration - Providing customer Name
2023-12-03 14:38:25.226 [main] INFO  testCases.TC_001_AccountRegistration - Providing customer Lastname
2023-12-03 14:38:25.326 [main] INFO  testCases.TC_001_AccountRegistration - Providing customer email Id
2023-12-03 14:38:25.412 [main] INFO  testCases.TC_001_AccountRegistration - Providing customer Pswd
2023-12-03 14:38:25.487 [main] INFO  testCases.TC_001_AccountRegistration - Scrolling Down
2023-12-03 14:38:28.496 [main] INFO  testCases.TC_001_AccountRegistration - Accepting Privacy policy
2023-12-03 14:38:28.543 [main] INFO  testCases.TC_001_AccountRegistration - Clicking on continue
2023-12-03 14:38:28.629 [main] INFO  testCases.TC_001_AccountRegistration - Validation started
2023-12-03 14:38:29.302 [main] INFO  testCases.TC_001_AccountRegistration - Registration Testcase and Validation passed
2023-12-03 14:38:30.374 [main] INFO  testCases.TC_002_Login - Starting TC_002_Login
2023-12-03 14:38:31.005 [main] INFO  testCases.TC_002_Login - Homepage displayed
2023-12-03 14:38:32.282 [main] INFO  testCases.TC_002_Login - Loggin is Success
2023-12-03 14:40:02.542 [main] DEBUG testCases.TC_001_AccountRegistration - debug logs.....
2023-12-03 14:40:02.544 [main] INFO  testCases.TC_001_AccountRegistration - Starting TC_001_AccountRegistration
2023-12-03 14:40:02.544 [main] INFO  testCases.TC_001_AccountRegistration - Launching the application
2023-12-03 14:40:03.158 [main] INFO  testCases.TC_001_AccountRegistration - Clicking on MyInfo -->Registration link
2023-12-03 14:40:03.716 [main] INFO  testCases.TC_001_AccountRegistration - Providing customer Name
2023-12-03 14:40:03.818 [main] INFO  testCases.TC_001_AccountRegistration - Providing customer Lastname
2023-12-03 14:40:03.902 [main] INFO  testCases.TC_001_AccountRegistration - Providing customer email Id
2023-12-03 14:40:03.976 [main] INFO  testCases.TC_001_AccountRegistration - Providing customer Pswd
2023-12-03 14:40:04.034 [main] INFO  testCases.TC_001_AccountRegistration - Scrolling Down
2023-12-03 14:40:07.047 [main] INFO  testCases.TC_001_AccountRegistration - Accepting Privacy policy
2023-12-03 14:40:07.109 [main] INFO  testCases.TC_001_AccountRegistration - Clicking on continue
2023-12-03 14:40:07.176 [main] INFO  testCases.TC_001_AccountRegistration - Validation started
2023-12-03 14:40:07.729 [main] INFO  testCases.TC_001_AccountRegistration - Registration Testcase and Validation passed
2023-12-03 14:40:08.781 [main] INFO  testCases.TC_002_Login - Starting TC_002_Login
2023-12-03 14:40:09.358 [main] INFO  testCases.TC_002_Login - Homepage displayed
2023-12-03 14:40:10.659 [main] INFO  testCases.TC_002_Login - Loggin is Success
2023-12-03 14:52:43.133 [main] DEBUG testCases.TC_001_AccountRegistration - debug logs.....
2023-12-03 14:52:43.136 [main] INFO  testCases.TC_001_AccountRegistration - Starting TC_001_AccountRegistration
2023-12-03 14:52:43.136 [main] INFO  testCases.TC_001_AccountRegistration - Launching the application
2023-12-03 14:52:43.988 [main] INFO  testCases.TC_001_AccountRegistration - Clicking on MyInfo -->Registration link
2023-12-03 14:52:44.679 [main] INFO  testCases.TC_001_AccountRegistration - Providing customer Name
2023-12-03 14:52:44.813 [main] INFO  testCases.TC_001_AccountRegistration - Providing customer Lastname
2023-12-03 14:52:44.908 [main] INFO  testCases.TC_001_AccountRegistration - Providing customer email Id
2023-12-03 14:52:45.036 [main] INFO  testCases.TC_001_AccountRegistration - Providing customer Pswd
2023-12-03 14:52:45.107 [main] INFO  testCases.TC_001_AccountRegistration - Scrolling Down
2023-12-03 14:52:48.133 [main] INFO  testCases.TC_001_AccountRegistration - Accepting Privacy policy
2023-12-03 14:52:48.188 [main] INFO  testCases.TC_001_AccountRegistration - Clicking on continue
2023-12-03 14:52:48.280 [main] INFO  testCases.TC_001_AccountRegistration - Validation started
2023-12-03 14:52:49.092 [main] INFO  testCases.TC_001_AccountRegistration - Registration Testcase and Validation passed
2023-12-03 14:52:50.371 [main] INFO  testCases.TC_002_Login - Starting TC_002_Login
2023-12-03 14:52:51.009 [main] INFO  testCases.TC_002_Login - Homepage displayed
2023-12-03 14:52:52.576 [main] INFO  testCases.TC_002_Login - Loggin is Success
2023-12-03 14:53:33.117 [main] DEBUG testCases.TC_001_AccountRegistration - debug logs.....
2023-12-03 14:53:33.120 [main] INFO  testCases.TC_001_AccountRegistration - Starting TC_001_AccountRegistration
2023-12-03 14:53:33.120 [main] INFO  testCases.TC_001_AccountRegistration - Launching the application
2023-12-03 14:53:35.190 [main] INFO  testCases.TC_001_AccountRegistration - Clicking on MyInfo -->Registration link
2023-12-03 14:53:35.908 [main] INFO  testCases.TC_001_AccountRegistration - Providing customer Name
2023-12-03 14:53:36.059 [main] INFO  testCases.TC_001_AccountRegistration - Providing customer Lastname
2023-12-03 14:53:36.180 [main] INFO  testCases.TC_001_AccountRegistration - Providing customer email Id
2023-12-03 14:53:36.278 [main] INFO  testCases.TC_001_AccountRegistration - Providing customer Pswd
2023-12-03 14:53:36.362 [main] INFO  testCases.TC_001_AccountRegistration - Scrolling Down
2023-12-03 14:53:39.382 [main] INFO  testCases.TC_001_AccountRegistration - Accepting Privacy policy
2023-12-03 14:53:39.445 [main] INFO  testCases.TC_001_AccountRegistration - Clicking on continue
2023-12-03 14:53:39.539 [main] INFO  testCases.TC_001_AccountRegistration - Validation started
2023-12-03 14:53:40.329 [main] INFO  testCases.TC_001_AccountRegistration - Registration Testcase and Validation passed
2023-12-03 14:53:41.568 [main] INFO  testCases.TC_002_Login - Starting TC_002_Login
2023-12-03 14:53:42.237 [main] INFO  testCases.TC_002_Login - Homepage displayed
2023-12-03 14:53:43.705 [main] INFO  testCases.TC_002_Login - Loggin is Success
2023-12-03 14:53:44.911 [main] INFO  testCases.TC_003_login_DataDriven_Testing - file path file
2023-12-03 14:53:45.118 [main] DEBUG org.apache.poi.openxml4j.opc.PackageRelationshipCollection - Parsing relationship: /xl/_rels/workbook.xml.rels
2023-12-03 14:53:45.123 [main] DEBUG org.apache.poi.openxml4j.opc.PackageRelationshipCollection - Parsing relationship: /xl/worksheets/_rels/sheet1.xml.rels
2023-12-03 14:53:45.125 [main] DEBUG org.apache.poi.openxml4j.opc.PackageRelationshipCollection - Parsing relationship: /_rels/.rels
2023-12-03 14:55:02.658 [main] DEBUG testCases.TC_001_AccountRegistration - debug logs.....
2023-12-03 14:55:02.665 [main] INFO  testCases.TC_001_AccountRegistration - Starting TC_001_AccountRegistration
2023-12-03 14:55:02.667 [main] INFO  testCases.TC_001_AccountRegistration - Launching the application
2023-12-03 14:55:03.457 [main] INFO  testCases.TC_001_AccountRegistration - Clicking on MyInfo -->Registration link
2023-12-03 14:55:04.163 [main] INFO  testCases.TC_001_AccountRegistration - Providing customer Name
2023-12-03 14:55:04.262 [main] INFO  testCases.TC_001_AccountRegistration - Providing customer Lastname
2023-12-03 14:55:04.359 [main] INFO  testCases.TC_001_AccountRegistration - Providing customer email Id
2023-12-03 14:55:04.471 [main] INFO  testCases.TC_001_AccountRegistration - Providing customer Pswd
2023-12-03 14:55:04.552 [main] INFO  testCases.TC_001_AccountRegistration - Scrolling Down
2023-12-03 14:55:07.565 [main] INFO  testCases.TC_001_AccountRegistration - Accepting Privacy policy
2023-12-03 14:55:07.639 [main] INFO  testCases.TC_001_AccountRegistration - Clicking on continue
2023-12-03 14:55:07.727 [main] INFO  testCases.TC_001_AccountRegistration - Validation started
2023-12-03 14:55:08.519 [main] INFO  testCases.TC_001_AccountRegistration - Registration Testcase and Validation passed
2023-12-03 14:55:09.718 [main] INFO  testCases.TC_002_Login - Starting TC_002_Login
2023-12-03 14:55:10.369 [main] INFO  testCases.TC_002_Login - Homepage displayed
2023-12-03 14:55:11.919 [main] INFO  testCases.TC_002_Login - Loggin is Success
2023-12-03 14:55:44.804 [main] DEBUG testCases.TC_001_AccountRegistration - debug logs.....
2023-12-03 14:55:44.808 [main] INFO  testCases.TC_001_AccountRegistration - Starting TC_001_AccountRegistration
2023-12-03 14:55:44.808 [main] INFO  testCases.TC_001_AccountRegistration - Launching the application
2023-12-03 14:55:45.633 [main] INFO  testCases.TC_001_AccountRegistration - Clicking on MyInfo -->Registration link
2023-12-03 14:55:45.867 [main] INFO  testCases.TC_001_AccountRegistration - Providing customer Name
2023-12-03 14:55:56.332 [main] FATAL testCases.TC_001_AccountRegistration - Registration test case failed
2023-12-03 14:55:57.648 [main] INFO  testCases.TC_002_Login - Starting TC_002_Login
2023-12-03 14:55:58.341 [main] INFO  testCases.TC_002_Login - Homepage displayed
2023-12-03 14:55:59.935 [main] INFO  testCases.TC_002_Login - Loggin is Success
2023-12-03 14:58:03.228 [main] DEBUG testCases.TC_001_AccountRegistration - debug logs.....
2023-12-03 14:58:03.237 [main] INFO  testCases.TC_001_AccountRegistration - Starting TC_001_AccountRegistration
2023-12-03 14:58:03.237 [main] INFO  testCases.TC_001_AccountRegistration - Launching the application
